# JRE version: Java(TM) SE Runtime Environment (8.0_201-b09) (build 1.8.0_201-b09)
# Java VM: Java HotSpot(TM) 64-Bit Server VM (25.201-b09 mixed mode windows-amd64 compressed oops)
Heap:
 PSYoungGen      total 145920K, used 31535K [0x000000076b500000, 0x0000000777b00000, 0x00000007c0000000)
  eden space 136192K, 23% used [0x000000076b500000,0x000000076d3cbe90,0x0000000773a00000)
  from space 9728K, 0% used [0x0000000773a00000,0x0000000773a00000,0x0000000774380000)
  to   space 10240K, 0% used [0x0000000777100000,0x0000000777100000,0x0000000777b00000)
 ParOldGen       total 160768K, used 10944K [0x00000006c1e00000, 0x00000006cbb00000, 0x000000076b500000)
  object space 160768K, 6% used [0x00000006c1e00000,0x00000006c28b0270,0x00000006cbb00000)
 Metaspace       used 34874K, capacity 36090K, committed 36352K, reserved 1081344K
  class space    used 4787K, capacity 5073K, committed 5120K, reserved 1048576K
GC Heap History (10 events):
Event: 3.569 GC heap before
{Heap before GC invocations=5 (full 1):
 PSYoungGen      total 76288K, used 65536K [0x000000076b500000, 0x0000000774a00000, 0x00000007c0000000)
  eden space 65536K, 100% used [0x000000076b500000,0x000000076f500000,0x000000076f500000)
  from space 10752K, 0% used [0x000000076f500000,0x000000076f500000,0x000000076ff80000)
  to   space 10752K, 0% used [0x0000000773f80000,0x0000000773f80000,0x0000000774a00000)
 ParOldGen       total 107008K, used 8061K [0x00000006c1e00000, 0x00000006c8680000, 0x000000076b500000)
  object space 107008K, 7% used [0x00000006c1e00000,0x00000006c25df5b8,0x00000006c8680000)
 Metaspace       used 26739K, capacity 27266K, committed 27392K, reserved 1073152K
  class space    used 3641K, capacity 3797K, committed 3840K, reserved 1048576K
Event: 3.575 GC heap after
Heap after GC invocations=5 (full 1):
 PSYoungGen      total 103424K, used 6774K [0x000000076b500000, 0x0000000774680000, 0x00000007c0000000)
  eden space 96256K, 0% used [0x000000076b500000,0x000000076b500000,0x0000000771300000)
  from space 7168K, 94% used [0x0000000773f80000,0x000000077461db20,0x0000000774680000)
  to   space 10752K, 0% used [0x0000000773180000,0x0000000773180000,0x0000000773c00000)
 ParOldGen       total 107008K, used 8069K [0x00000006c1e00000, 0x00000006c8680000, 0x000000076b500000)
  object space 107008K, 7% used [0x00000006c1e00000,0x00000006c25e15b8,0x00000006c8680000)
 Metaspace       used 26739K, capacity 27266K, committed 27392K, reserved 1073152K
  class space    used 3641K, capacity 3797K, committed 3840K, reserved 1048576K
}
Event: 5.677 GC heap before
{Heap before GC invocations=6 (full 1):
 PSYoungGen      total 103424K, used 103030K [0x000000076b500000, 0x0000000774680000, 0x00000007c0000000)
  eden space 96256K, 100% used [0x000000076b500000,0x0000000771300000,0x0000000771300000)
  from space 7168K, 94% used [0x0000000773f80000,0x000000077461db20,0x0000000774680000)
  to   space 10752K, 0% used [0x0000000773180000,0x0000000773180000,0x0000000773c00000)
 ParOldGen       total 107008K, used 8069K [0x00000006c1e00000, 0x00000006c8680000, 0x000000076b500000)
  object space 107008K, 7% used [0x00000006c1e00000,0x00000006c25e15b8,0x00000006c8680000)
 Metaspace       used 31526K, capacity 32272K, committed 32512K, reserved 1077248K
  class space    used 4295K, capacity 4510K, committed 4608K, reserved 1048576K
Event: 5.682 GC heap after
Heap after GC invocations=6 (full 1):
 PSYoungGen      total 138240K, used 6068K [0x000000076b500000, 0x0000000774d00000, 0x00000007c0000000)
  eden space 127488K, 0% used [0x000000076b500000,0x000000076b500000,0x0000000773180000)
  from space 10752K, 56% used [0x0000000773180000,0x000000077376d0b0,0x0000000773c00000)
  to   space 9728K, 0% used [0x0000000774380000,0x0000000774380000,0x0000000774d00000)
 ParOldGen       total 107008K, used 8077K [0x00000006c1e00000, 0x00000006c8680000, 0x000000076b500000)
  object space 107008K, 7% used [0x00000006c1e00000,0x00000006c25e35b8,0x00000006c8680000)
 Metaspace       used 31526K, capacity 32272K, committed 32512K, reserved 1077248K
  class space    used 4295K, capacity 4510K, committed 4608K, reserved 1048576K
}
Event: 38.789 GC heap before
{Heap before GC invocations=7 (full 1):
 PSYoungGen      total 138240K, used 133556K [0x000000076b500000, 0x0000000774d00000, 0x00000007c0000000)
  eden space 127488K, 100% used [0x000000076b500000,0x0000000773180000,0x0000000773180000)
  from space 10752K, 56% used [0x0000000773180000,0x000000077376d0b0,0x0000000773c00000)
  to   space 9728K, 0% used [0x0000000774380000,0x0000000774380000,0x0000000774d00000)
 ParOldGen       total 107008K, used 8077K [0x00000006c1e00000, 0x00000006c8680000, 0x000000076b500000)
  object space 107008K, 7% used [0x00000006c1e00000,0x00000006c25e35b8,0x00000006c8680000)
 Metaspace       used 33975K, capacity 35130K, committed 35456K, reserved 1079296K
  class space    used 4635K, capacity 4909K, committed 4992K, reserved 1048576K
Event: 38.793 GC heap after
Heap after GC invocations=7 (full 1):
 PSYoungGen      total 145920K, used 6807K [0x000000076b500000, 0x0000000777000000, 0x00000007c0000000)
  eden space 136192K, 0% used [0x000000076b500000,0x000000076b500000,0x0000000773a00000)
  from space 9728K, 69% used [0x0000000774380000,0x0000000774a25f28,0x0000000774d00000)
  to   space 9728K, 0% used [0x0000000773a00000,0x0000000773a00000,0x0000000774380000)
 ParOldGen       total 107008K, used 8085K [0x00000006c1e00000, 0x00000006c8680000, 0x000000076b500000)
  object space 107008K, 7% used [0x00000006c1e00000,0x00000006c25e55b8,0x00000006c8680000)
 Metaspace       used 33975K, capacity 35130K, committed 35456K, reserved 1079296K
  class space    used 4635K, capacity 4909K, committed 4992K, reserved 1048576K
}
Event: 39.829 GC heap before
{Heap before GC invocations=8 (full 1):
 PSYoungGen      total 145920K, used 47922K [0x000000076b500000, 0x0000000777000000, 0x00000007c0000000)
  eden space 136192K, 30% used [0x000000076b500000,0x000000076dd26aa8,0x0000000773a00000)
  from space 9728K, 69% used [0x0000000774380000,0x0000000774a25f28,0x0000000774d00000)
  to   space 9728K, 0% used [0x0000000773a00000,0x0000000773a00000,0x0000000774380000)
 ParOldGen       total 107008K, used 8085K [0x00000006c1e00000, 0x00000006c8680000, 0x000000076b500000)
  object space 107008K, 7% used [0x00000006c1e00000,0x00000006c25e55b8,0x00000006c8680000)
 Metaspace       used 34206K, capacity 35396K, committed 35456K, reserved 1079296K
  class space    used 4671K, capacity 4974K, committed 4992K, reserved 1048576K
Event: 39.835 GC heap after
Heap after GC invocations=8 (full 1):
 PSYoungGen      total 145920K, used 5032K [0x000000076b500000, 0x0000000777b00000, 0x00000007c0000000)
  eden space 136192K, 0% used [0x000000076b500000,0x000000076b500000,0x0000000773a00000)
  from space 9728K, 51% used [0x0000000773a00000,0x0000000773eea3f8,0x0000000774380000)
  to   space 10240K, 0% used [0x0000000777100000,0x0000000777100000,0x0000000777b00000)
 ParOldGen       total 107008K, used 8093K [0x00000006c1e00000, 0x00000006c8680000, 0x000000076b500000)
  object space 107008K, 7% used [0x00000006c1e00000,0x00000006c25e75b8,0x00000006c8680000)
 Metaspace       used 34206K, capacity 35396K, committed 35456K, reserved 1079296K
  class space    used 4671K, capacity 4974K, committed 4992K, reserved 1048576K
}
Event: 39.835 GC heap before
{Heap before GC invocations=9 (full 2):
 PSYoungGen      total 145920K, used 5032K [0x000000076b500000, 0x0000000777b00000, 0x00000007c0000000)
  eden space 136192K, 0% used [0x000000076b500000,0x000000076b500000,0x0000000773a00000)
  from space 9728K, 51% used [0x0000000773a00000,0x0000000773eea3f8,0x0000000774380000)
  to   space 10240K, 0% used [0x0000000777100000,0x0000000777100000,0x0000000777b00000)
 ParOldGen       total 107008K, used 8093K [0x00000006c1e00000, 0x00000006c8680000, 0x000000076b500000)
  object space 107008K, 7% used [0x00000006c1e00000,0x00000006c25e75b8,0x00000006c8680000)
 Metaspace       used 34206K, capacity 35396K, committed 35456K, reserved 1079296K
  class space    used 4671K, capacity 4974K, committed 4992K, reserved 1048576K
Event: 39.864 GC heap after
Heap after GC invocations=9 (full 2):
 PSYoungGen      total 145920K, used 0K [0x000000076b500000, 0x0000000777b00000, 0x00000007c0000000)
  eden space 136192K, 0% used [0x000000076b500000,0x000000076b500000,0x0000000773a00000)
  from space 9728K, 0% used [0x0000000773a00000,0x0000000773a00000,0x0000000774380000)
  to   space 10240K, 0% used [0x0000000777100000,0x0000000777100000,0x0000000777b00000)
 ParOldGen       total 160768K, used 10944K [0x00000006c1e00000, 0x00000006cbb00000, 0x000000076b500000)
  object space 160768K, 6% used [0x00000006c1e00000,0x00000006c28b0270,0x00000006cbb00000)
 Metaspace       used 34206K, capacity 35396K, committed 35456K, reserved 1079296K
  class space    used 4671K, capacity 4974K, committed 4992K, reserved 1048576K
}

